{"numFailedTestSuites":0,"numFailedTests":0,"numPassedTestSuites":1,"numPassedTests":9,"numPendingTestSuites":0,"numPendingTests":0,"numRuntimeErrorTestSuites":0,"numTodoTests":0,"numTotalTestSuites":1,"numTotalTests":9,"openHandles":[],"snapshot":{"added":0,"didUpdate":false,"failure":false,"filesAdded":0,"filesRemoved":0,"filesRemovedList":[],"filesUnmatched":0,"filesUpdated":0,"matched":0,"total":0,"unchecked":0,"uncheckedKeysByFile":[],"unmatched":0,"updated":0},"startTime":1787283976293,"success":true,"testResults":[{"assertionResults":[{"ancestorTitles":["Health & static routes"],"duration":592,"failureDetails":[],"failureMessages":[],"fullName":"Health & static routes GET /health returns 200","invocations":1,"location":null,"numPassingAsserts":2,"retryReasons":[],"status":"passed","title":"GET /health returns 200"},{"ancestorTitles":["Health & static routes"],"duration":83,"failureDetails":[],"failureMessages":[],"fullName":"Health & static routes GET / returns the index.html page","invocations":1,"location":null,"numPassingAsserts":2,"retryReasons":[],"status":"passed","title":"GET / returns the index.html page"},{"ancestorTitles":["Health & static routes"],"duration":16,"failureDetails":[],"failureMessages":[],"fullName":"Health & static routes GET /app.js serves the frontend integration script","invocations":1,"location":null,"numPassingAsserts":2,"retryReasons":[],"status":"passed","title":"GET /app.js serves the frontend integration script"},{"ancestorTitles":["Auth routes (no DB)"],"duration":354,"failureDetails":[],"failureMessages":[],"fullName":"Auth routes (no DB) POST /api/v1/auth/login returns error without body","invocations":1,"location":null,"numPassingAsserts":2,"retryReasons":[],"status":"passed","title":"POST /api/v1/auth/login returns error without body"},{"ancestorTitles":["Auth routes (no DB)"],"duration":18,"failureDetails":[],"failureMessages":[],"fullName":"Auth routes (no DB) POST /api/v1/auth/register returns error without body","invocations":1,"location":null,"numPassingAsserts":2,"retryReasons":[],"status":"passed","title":"POST /api/v1/auth/register returns error without body"},{"ancestorTitles":["Auth routes (no DB)"],"duration":232,"failureDetails":[],"failureMessages":[],"fullName":"Auth routes (no DB) POST /api/v1/auth/forgot-password returns 200 or 400","invocations":1,"location":null,"numPassingAsserts":1,"retryReasons":[],"status":"passed","title":"POST /api/v1/auth/forgot-password returns 200 or 400"},{"ancestorTitles":["Paystack route validation"],"duration":48,"failureDetails":[],"failureMessages":[],"fullName":"Paystack route validation POST /api/v1/rent/invoices/invalid/paystack/initialize returns 400 without amount","invocations":1,"location":null,"numPassingAsserts":3,"retryReasons":[],"status":"passed","title":"POST /api/v1/rent/invoices/invalid/paystack/initialize returns 400 without amount"},{"ancestorTitles":["Protected routes"],"duration":14,"failureDetails":[],"failureMessages":[],"fullName":"Protected routes GET /api/v1/auth/me returns 401 without token","invocations":1,"location":null,"numPassingAsserts":1,"retryReasons":[],"status":"passed","title":"GET /api/v1/auth/me returns 401 without token"},{"ancestorTitles":["404 handler"],"duration":45,"failureDetails":[],"failureMessages":[],"fullName":"404 handler GET /nonexistent returns 404","invocations":1,"location":null,"numPassingAsserts":2,"retryReasons":[],"status":"passed","title":"GET /nonexistent returns 404"}],"endTime":1787284028259,"message":"","name":"C:\\Users\\OWNER\\Desktop\\FUTURE\\tests\\api.test.js","startTime":1787283977672,"status":"passed","summary":""}],"wasInterrupted":false}
